<?xml version="1.0" encoding="UTF-8"?>
<testsuite xmlns:xsi="http://www.w3.org/2001/XMLSchema-instance" xsi:noNamespaceSchemaLocation="https://maven.apache.org/surefire/maven-surefire-plugin/xsd/surefire-test-report-3.0.xsd" version="3.0" name="com.order.RunCucumberTest" time="0.184" tests="1" errors="1" skipped="0" failures="0">
  <properties>
[...]
</properties>
  <testcase name="Cucumber" classname="RunCucumberTest" time="0.178">
    <error message="Couldn&apos;t create parent directories of &apos;C:\Users\User\新增資料夾\AI-100x-SE-Join-Quest\target\cucumber-reports\Cucumber.json&apos;.&#10;Make sure the the parent directory &apos;C:\Users\User\新增資料夾\AI-100x-SE-Join-Quest\target\cucumber-reports&apos; isn&apos;t a file.&#10;&#10;Note: This usually happens when plugins write to colliding paths.&#10;For example: &apos;html:target/cucumber, json:target/cucumber/report.json&apos;&#10;You can fix this by making the paths do no collide.&#10;For example: &apos;html:target/cucumber/report.html, json:target/cucumber/report.json&apos;&#10;The details are in the stack trace below:" type="java.lang.IllegalArgumentException"><![CDATA[java.lang.IllegalArgumentException: 
Couldn't create parent directories of 'C:\Users\User\新增資料夾\AI-100x-SE-Join-Quest\target\cucumber-reports\Cucumber.json'.
Make sure the the parent directory 'C:\Users\User\新增資料夾\AI-100x-SE-Join-Quest\target\cucumber-reports' isn't a file.

Note: This usually happens when plugins write to colliding paths.
For example: 'html:target/cucumber, json:target/cucumber/report.json'
You can fix this by making the paths do no collide.
For example: 'html:target/cucumber/report.html, json:target/cucumber/report.json'
The details are in the stack trace below:
	at io.cucumber.core.plugin.PluginFactory.createFileOutputStream(PluginFactory.java:222)
	at io.cucumber.core.plugin.PluginFactory.openStream(PluginFactory.java:199)
	at io.cucumber.core.plugin.PluginFactory.convert(PluginFactory.java:166)
	at io.cucumber.core.plugin.PluginFactory.instantiate(PluginFactory.java:99)
	at io.cucumber.core.plugin.PluginFactory.create(PluginFactory.java:63)
	at io.cucumber.core.plugin.Plugins.createPlugins(Plugins.java:32)
	at io.cucumber.core.plugin.Plugins.<init>(Plugins.java:25)
	at io.cucumber.junit.platform.engine.CucumberEngineExecutionContext.createCucumberExecutionContext(CucumberEngineExecutionContext.java:53)
	at io.cucumber.junit.platform.engine.CucumberEngineExecutionContext.startTestRun(CucumberEngineExecutionContext.java:95)
	at io.cucumber.junit.platform.engine.CucumberEngineDescriptor.ifChildren(CucumberEngineDescriptor.java:51)
	at io.cucumber.junit.platform.engine.CucumberEngineDescriptor.prepare(CucumberEngineDescriptor.java:21)
	at io.cucumber.junit.platform.engine.CucumberEngineDescriptor.prepare(CucumberEngineDescriptor.java:11)
Caused by: java.nio.file.FileAlreadyExistsException: C:\Users\User\新增資料夾\AI-100x-SE-Join-Quest\target\cucumber-reports
	at java.base/sun.nio.fs.WindowsException.translateToIOException(WindowsException.java:87)
	at java.base/sun.nio.fs.WindowsException.rethrowAsIOException(WindowsException.java:103)
	at java.base/sun.nio.fs.WindowsException.rethrowAsIOException(WindowsException.java:108)
	at java.base/sun.nio.fs.WindowsFileSystemProvider.createDirectory(WindowsFileSystemProvider.java:521)
	at java.base/java.nio.file.Files.createDirectory(Files.java:700)
	at java.base/java.nio.file.Files.createAndCheckIsDirectory(Files.java:807)
	at java.base/java.nio.file.Files.createDirectories(Files.java:753)
	at io.cucumber.core.plugin.PluginFactory.createFileOutputStream(PluginFactory.java:218)
	... 11 more
]]></error>
  </testcase>
</testsuite>